# JRE version: OpenJDK Runtime Environment Corretto-17.0.1.12.1 (17.0.1+12) (build 17.0.1+12-LTS)
# Java VM: OpenJDK 64-Bit Server VM Corretto-17.0.1.12.1 (17.0.1+12-LTS, mixed mode, sharing, tiered, compressed oops, compressed class ptrs, g1 gc, windows-amd64)
GC Precious Log:
 CPUs: 8 total, 8 available
 Memory: 7503M
 Large Page Support: Disabled
 NUMA Support: Disabled
 Compressed Oops: Enabled (32-bit)
 Heap Region Size: 1M
 Heap Min Capacity: 8M
 Heap Initial Capacity: 118M
 Heap Max Capacity: 1876M
 Pre-touch: Disabled
 Parallel Workers: 8
 Concurrent Workers: 2
 Concurrent Refinement Workers: 8
 Periodic GC: Disabled
Heap:
 garbage-first heap   total 262144K, used 152541K [0x000000008ac00000, 0x0000000100000000)
  region size 1024K, 48 young (49152K), 9 survivors (9216K)
 Metaspace       used 27027K, committed 27392K, reserved 1081344K
  class space    used 2953K, committed 3136K, reserved 1048576K
GC Heap History (20 events):
Event: 68.805 GC heap before
{Heap before GC invocations=24 (full 4):
 garbage-first heap   total 165888K, used 98071K [0x000000008ac00000, 0x0000000100000000)
  region size 1024K, 68 young (69632K), 7 survivors (7168K)
 Metaspace       used 25825K, committed 26240K, reserved 1073152K
  class space    used 2853K, committed 3072K, reserved 1048576K
}
Event: 68.819 GC heap after
{Heap after GC invocations=25 (full 4):
 garbage-first heap   total 165888K, used 41832K [0x000000008ac00000, 0x0000000100000000)
  region size 1024K, 7 young (7168K), 7 survivors (7168K)
 Metaspace       used 25825K, committed 26240K, reserved 1073152K
  class space    used 2853K, committed 3072K, reserved 1048576K
}
Event: 71.297 GC heap before
{Heap before GC invocations=25 (full 4):
 garbage-first heap   total 165888K, used 106344K [0x000000008ac00000, 0x0000000100000000)
  region size 1024K, 69 young (70656K), 7 survivors (7168K)
 Metaspace       used 26673K, committed 27072K, reserved 1073152K
  class space    used 2948K, committed 3136K, reserved 1048576K
}
Event: 71.317 GC heap after
{Heap after GC invocations=26 (full 4):
 garbage-first heap   total 165888K, used 52344K [0x000000008ac00000, 0x0000000100000000)
  region size 1024K, 9 young (9216K), 9 survivors (9216K)
 Metaspace       used 26673K, committed 27072K, reserved 1073152K
  class space    used 2948K, committed 3136K, reserved 1048576K
}
Event: 71.833 GC heap before
{Heap before GC invocations=26 (full 4):
 garbage-first heap   total 165888K, used 111736K [0x000000008ac00000, 0x0000000100000000)
  region size 1024K, 67 young (68608K), 9 survivors (9216K)
 Metaspace       used 26888K, committed 27264K, reserved 1073152K
  class space    used 2950K, committed 3136K, reserved 1048576K
}
Event: 71.845 GC heap after
{Heap after GC invocations=27 (full 4):
 garbage-first heap   total 165888K, used 55681K [0x000000008ac00000, 0x0000000100000000)
  region size 1024K, 5 young (5120K), 5 survivors (5120K)
 Metaspace       used 26888K, committed 27264K, reserved 1073152K
  class space    used 2950K, committed 3136K, reserved 1048576K
}
Event: 72.469 GC heap before
{Heap before GC invocations=27 (full 4):
 garbage-first heap   total 165888K, used 116097K [0x000000008ac00000, 0x0000000100000000)
  region size 1024K, 64 young (65536K), 5 survivors (5120K)
 Metaspace       used 26949K, committed 27328K, reserved 1073152K
  class space    used 2951K, committed 3136K, reserved 1048576K
}
Event: 72.478 GC heap after
{Heap after GC invocations=28 (full 4):
 garbage-first heap   total 262144K, used 60484K [0x000000008ac00000, 0x0000000100000000)
  region size 1024K, 8 young (8192K), 8 survivors (8192K)
 Metaspace       used 26949K, committed 27328K, reserved 1073152K
  class space    used 2951K, committed 3136K, reserved 1048576K
}
Event: 73.288 GC heap before
{Heap before GC invocations=28 (full 4):
 garbage-first heap   total 262144K, used 185412K [0x000000008ac00000, 0x0000000100000000)
  region size 1024K, 130 young (133120K), 8 survivors (8192K)
 Metaspace       used 26974K, committed 27328K, reserved 1073152K
  class space    used 2951K, committed 3136K, reserved 1048576K
}
Event: 73.296 GC heap after
{Heap after GC invocations=29 (full 4):
 garbage-first heap   total 262144K, used 69758K [0x000000008ac00000, 0x0000000100000000)
  region size 1024K, 17 young (17408K), 17 survivors (17408K)
 Metaspace       used 26974K, committed 27328K, reserved 1073152K
  class space    used 2951K, committed 3136K, reserved 1048576K
}
Event: 74.691 GC heap before
{Heap before GC invocations=29 (full 4):
 garbage-first heap   total 262144K, used 190590K [0x000000008ac00000, 0x0000000100000000)
  region size 1024K, 135 young (138240K), 17 survivors (17408K)
 Metaspace       used 26982K, committed 27328K, reserved 1073152K
  class space    used 2951K, committed 3136K, reserved 1048576K
}
Event: 74.714 GC heap after
{Heap after GC invocations=30 (full 4):
 garbage-first heap   total 262144K, used 78487K [0x000000008ac00000, 0x0000000100000000)
  region size 1024K, 10 young (10240K), 10 survivors (10240K)
 Metaspace       used 26982K, committed 27328K, reserved 1073152K
  class space    used 2951K, committed 3136K, reserved 1048576K
}
Event: 77.740 GC heap before
{Heap before GC invocations=30 (full 4):
 garbage-first heap   total 262144K, used 196247K [0x000000008ac00000, 0x0000000100000000)
  region size 1024K, 125 young (128000K), 10 survivors (10240K)
 Metaspace       used 27000K, committed 27328K, reserved 1073152K
  class space    used 2951K, committed 3136K, reserved 1048576K
}
Event: 77.751 GC heap after
{Heap after GC invocations=31 (full 4):
 garbage-first heap   total 262144K, used 88300K [0x000000008ac00000, 0x0000000100000000)
  region size 1024K, 10 young (10240K), 10 survivors (10240K)
 Metaspace       used 27000K, committed 27328K, reserved 1073152K
  class space    used 2951K, committed 3136K, reserved 1048576K
}
Event: 78.647 GC heap before
{Heap before GC invocations=31 (full 4):
 garbage-first heap   total 262144K, used 199916K [0x000000008ac00000, 0x0000000100000000)
  region size 1024K, 119 young (121856K), 10 survivors (10240K)
 Metaspace       used 27008K, committed 27392K, reserved 1081344K
  class space    used 2951K, committed 3136K, reserved 1048576K
}
Event: 78.659 GC heap after
{Heap after GC invocations=32 (full 4):
 garbage-first heap   total 262144K, used 95787K [0x000000008ac00000, 0x0000000100000000)
  region size 1024K, 7 young (7168K), 7 survivors (7168K)
 Metaspace       used 27008K, committed 27392K, reserved 1081344K
  class space    used 2951K, committed 3136K, reserved 1048576K
}
Event: 79.556 GC heap before
{Heap before GC invocations=32 (full 4):
 garbage-first heap   total 262144K, used 204331K [0x000000008ac00000, 0x0000000100000000)
  region size 1024K, 113 young (115712K), 7 survivors (7168K)
 Metaspace       used 27016K, committed 27392K, reserved 1081344K
  class space    used 2951K, committed 3136K, reserved 1048576K
}
Event: 79.567 GC heap after
{Heap after GC invocations=33 (full 4):
 garbage-first heap   total 262144K, used 104299K [0x000000008ac00000, 0x0000000100000000)
  region size 1024K, 15 young (15360K), 15 survivors (15360K)
 Metaspace       used 27016K, committed 27392K, reserved 1081344K
  class space    used 2951K, committed 3136K, reserved 1048576K
}
Event: 81.260 GC heap before
{Heap before GC invocations=33 (full 4):
 garbage-first heap   total 262144K, used 206699K [0x000000008ac00000, 0x0000000100000000)
  region size 1024K, 115 young (117760K), 15 survivors (15360K)
 Metaspace       used 27016K, committed 27392K, reserved 1081344K
  class space    used 2951K, committed 3136K, reserved 1048576K
}
Event: 81.274 GC heap after
{Heap after GC invocations=34 (full 4):
 garbage-first heap   total 262144K, used 112605K [0x000000008ac00000, 0x0000000100000000)
  region size 1024K, 9 young (9216K), 9 survivors (9216K)
 Metaspace       used 27016K, committed 27392K, reserved 1081344K
  class space    used 2951K, committed 3136K, reserved 1048576K
}

