# JRE version: OpenJDK Runtime Environment Corretto-17.0.1.12.1 (17.0.1+12) (build 17.0.1+12-LTS)
# Java VM: OpenJDK 64-Bit Server VM Corretto-17.0.1.12.1 (17.0.1+12-LTS, mixed mode, sharing, tiered, compressed oops, compressed class ptrs, g1 gc, windows-amd64)
GC Precious Log:
 CPUs: 8 total, 8 available
 Memory: 7503M
 Large Page Support: Disabled
 NUMA Support: Disabled
 Compressed Oops: Enabled (32-bit)
 Heap Region Size: 1M
 Heap Min Capacity: 8M
 Heap Initial Capacity: 118M
 Heap Max Capacity: 1876M
 Pre-touch: Disabled
 Parallel Workers: 8
 Concurrent Workers: 2
 Concurrent Refinement Workers: 8
 Periodic GC: Disabled
Heap:
 garbage-first heap   total 214016K, used 127354K [0x000000008ac00000, 0x0000000100000000)
  region size 1024K, 38 young (38912K), 8 survivors (8192K)
 Metaspace       used 27011K, committed 27392K, reserved 1081344K
  class space    used 2952K, committed 3136K, reserved 1048576K
GC Heap History (20 events):
Event: 84.864 GC heap before
{Heap before GC invocations=32 (full 4):
 garbage-first heap   total 163840K, used 125880K [0x000000008ac00000, 0x0000000100000000)
  region size 1024K, 62 young (63488K), 5 survivors (5120K)
 Metaspace       used 26970K, committed 27328K, reserved 1073152K
  class space    used 2951K, committed 3136K, reserved 1048576K
}
Event: 84.877 GC heap after
{Heap after GC invocations=33 (full 4):
 garbage-first heap   total 163840K, used 72291K [0x000000008ac00000, 0x0000000100000000)
  region size 1024K, 5 young (5120K), 5 survivors (5120K)
 Metaspace       used 26970K, committed 27328K, reserved 1073152K
  class space    used 2951K, committed 3136K, reserved 1048576K
}
Event: 85.727 GC heap before
{Heap before GC invocations=33 (full 4):
 garbage-first heap   total 163840K, used 127587K [0x000000008ac00000, 0x0000000100000000)
  region size 1024K, 59 young (60416K), 5 survivors (5120K)
 Metaspace       used 26976K, committed 27328K, reserved 1073152K
  class space    used 2952K, committed 3136K, reserved 1048576K
}
Event: 85.738 GC heap after
{Heap after GC invocations=34 (full 4):
 garbage-first heap   total 163840K, used 77261K [0x000000008ac00000, 0x0000000100000000)
  region size 1024K, 5 young (5120K), 5 survivors (5120K)
 Metaspace       used 26976K, committed 27328K, reserved 1073152K
  class space    used 2952K, committed 3136K, reserved 1048576K
}
Event: 86.447 GC heap before
{Heap before GC invocations=34 (full 4):
 garbage-first heap   total 163840K, used 129485K [0x000000008ac00000, 0x0000000100000000)
  region size 1024K, 56 young (57344K), 5 survivors (5120K)
 Metaspace       used 26980K, committed 27392K, reserved 1081344K
  class space    used 2952K, committed 3136K, reserved 1048576K
}
Event: 86.456 GC heap after
{Heap after GC invocations=35 (full 4):
 garbage-first heap   total 163840K, used 81957K [0x000000008ac00000, 0x0000000100000000)
  region size 1024K, 5 young (5120K), 5 survivors (5120K)
 Metaspace       used 26980K, committed 27392K, reserved 1081344K
  class space    used 2952K, committed 3136K, reserved 1048576K
}
Event: 86.986 GC heap before
{Heap before GC invocations=35 (full 4):
 garbage-first heap   total 163840K, used 130085K [0x000000008ac00000, 0x0000000100000000)
  region size 1024K, 52 young (53248K), 5 survivors (5120K)
 Metaspace       used 26993K, committed 27392K, reserved 1081344K
  class space    used 2952K, committed 3136K, reserved 1048576K
}
Event: 86.995 GC heap after
{Heap after GC invocations=36 (full 4):
 garbage-first heap   total 163840K, used 86882K [0x000000008ac00000, 0x0000000100000000)
  region size 1024K, 5 young (5120K), 5 survivors (5120K)
 Metaspace       used 26993K, committed 27392K, reserved 1081344K
  class space    used 2952K, committed 3136K, reserved 1048576K
}
Event: 87.563 GC heap before
{Heap before GC invocations=37 (full 4):
 garbage-first heap   total 163840K, used 126818K [0x000000008ac00000, 0x0000000100000000)
  region size 1024K, 49 young (50176K), 5 survivors (5120K)
 Metaspace       used 26999K, committed 27392K, reserved 1081344K
  class space    used 2952K, committed 3136K, reserved 1048576K
}
Event: 87.575 GC heap after
{Heap after GC invocations=38 (full 4):
 garbage-first heap   total 163840K, used 85589K [0x000000008ac00000, 0x0000000100000000)
  region size 1024K, 4 young (4096K), 4 survivors (4096K)
 Metaspace       used 26999K, committed 27392K, reserved 1081344K
  class space    used 2952K, committed 3136K, reserved 1048576K
}
Event: 87.652 GC heap before
{Heap before GC invocations=38 (full 4):
 garbage-first heap   total 163840K, used 89685K [0x000000008ac00000, 0x0000000100000000)
  region size 1024K, 8 young (8192K), 4 survivors (4096K)
 Metaspace       used 27000K, committed 27392K, reserved 1081344K
  class space    used 2952K, committed 3136K, reserved 1048576K
}
Event: 87.660 GC heap after
{Heap after GC invocations=39 (full 4):
 garbage-first heap   total 163840K, used 85154K [0x000000008ac00000, 0x0000000100000000)
  region size 1024K, 1 young (1024K), 1 survivors (1024K)
 Metaspace       used 27000K, committed 27392K, reserved 1081344K
  class space    used 2952K, committed 3136K, reserved 1048576K
}
Event: 88.407 GC heap before
{Heap before GC invocations=39 (full 4):
 garbage-first heap   total 163840K, used 132258K [0x000000008ac00000, 0x0000000100000000)
  region size 1024K, 47 young (48128K), 1 survivors (1024K)
 Metaspace       used 27001K, committed 27392K, reserved 1081344K
  class space    used 2952K, committed 3136K, reserved 1048576K
}
Event: 88.413 GC heap after
{Heap after GC invocations=40 (full 4):
 garbage-first heap   total 214016K, used 87710K [0x000000008ac00000, 0x0000000100000000)
  region size 1024K, 4 young (4096K), 4 survivors (4096K)
 Metaspace       used 27001K, committed 27392K, reserved 1081344K
  class space    used 2952K, committed 3136K, reserved 1048576K
}
Event: 89.710 GC heap before
{Heap before GC invocations=41 (full 4):
 garbage-first heap   total 214016K, used 170654K [0x000000008ac00000, 0x0000000100000000)
  region size 1024K, 85 young (87040K), 4 survivors (4096K)
 Metaspace       used 27002K, committed 27392K, reserved 1081344K
  class space    used 2952K, committed 3136K, reserved 1048576K
}
Event: 89.717 GC heap after
{Heap after GC invocations=42 (full 4):
 garbage-first heap   total 214016K, used 92327K [0x000000008ac00000, 0x0000000100000000)
  region size 1024K, 8 young (8192K), 8 survivors (8192K)
 Metaspace       used 27002K, committed 27392K, reserved 1081344K
  class space    used 2952K, committed 3136K, reserved 1048576K
}
Event: 89.731 GC heap before
{Heap before GC invocations=42 (full 4):
 garbage-first heap   total 214016K, used 94375K [0x000000008ac00000, 0x0000000100000000)
  region size 1024K, 10 young (10240K), 8 survivors (8192K)
 Metaspace       used 27002K, committed 27392K, reserved 1081344K
  class space    used 2952K, committed 3136K, reserved 1048576K
}
Event: 89.736 GC heap after
{Heap after GC invocations=43 (full 4):
 garbage-first heap   total 214016K, used 91239K [0x000000008ac00000, 0x0000000100000000)
  region size 1024K, 1 young (1024K), 1 survivors (1024K)
 Metaspace       used 27002K, committed 27392K, reserved 1081344K
  class space    used 2952K, committed 3136K, reserved 1048576K
}
Event: 91.433 GC heap before
{Heap before GC invocations=43 (full 4):
 garbage-first heap   total 214016K, used 173159K [0x000000008ac00000, 0x0000000100000000)
  region size 1024K, 81 young (82944K), 1 survivors (1024K)
 Metaspace       used 27011K, committed 27392K, reserved 1081344K
  class space    used 2952K, committed 3136K, reserved 1048576K
}
Event: 91.439 GC heap after
{Heap after GC invocations=44 (full 4):
 garbage-first heap   total 214016K, used 97658K [0x000000008ac00000, 0x0000000100000000)
  region size 1024K, 8 young (8192K), 8 survivors (8192K)
 Metaspace       used 27011K, committed 27392K, reserved 1081344K
  class space    used 2952K, committed 3136K, reserved 1048576K
}

